<?xml version="1.0" encoding="UTF-8"?>
<!-- Generated by org.testng.reporters.JUnitReportReporter -->
<testsuite skipped="0" hostname="NDI-LAP-732" name="Auto.Testcases.BooksLandingtestpage" tests="1" failures="0" timestamp="2022-04-06T15:06:18 IST" time="8.965" errors="0">
  <testcase name="screenshort" time="8.965" classname="Auto.Testcases.BooksLandingtestpage"/>
  <system-out/>
</testsuite> <!-- Auto.Testcases.BooksLandingtestpage -->
