<?xml version="1.0" encoding="UTF-8"?>
<!-- Generated by org.testng.reporters.JUnitReportReporter -->
<testsuite skipped="0" hostname="NDI-LAP-732" name="Auto.Testcases.hometestcase" tests="1" failures="0" timestamp="2022-04-06T21:55:10 IST" time="6.781" errors="0">
  <testcase name="hometestcase" time="6.781" classname="Auto.Testcases.hometestcase"/>
  <system-out/>
</testsuite> <!-- Auto.Testcases.hometestcase -->
